#
# A fatal error has been detected by the Java Runtime Environment:
#
#  EXCEPTION_ACCESS_VIOLATION (0xc0000005) at pc=0x51163c7e, pid=11012, tid=22036
#
# JRE version: Java(TM) SE Runtime Environment (8.0_45-b14) (build 1.8.0_45-b14)
# Java VM: Java HotSpot(TM) Client VM (25.45-b02 mixed mode windows-x86 )
# Problematic frame:
# C  [WinSockHook.dll+0x13c7e]
#
# Failed to write core dump. Minidumps are not enabled by default on client versions of Windows
#
# If you would like to submit a bug report, please visit:
#   http://bugreport.java.com/bugreport/crash.jsp
# The crash happened outside the Java Virtual Machine in native code.
# See problematic frame for where to report the bug.
#

---------------  T H R E A D  ---------------

Current thread (0x1c8eac00):  JavaThread "AsyncReporter{org.springframework.cloud.sleuth.zipkin2.sender.RestTemplateSender@1b67b5e}" daemon [_thread_in_native, id=22036, stack(0x1d410000,0x1d460000)]

siginfo: ExceptionCode=0xc0000005, reading address 0x00000000

Registers:
EAX=0x0000274d, EBX=0x00000000, ECX=0x00000000, EDX=0x00000000
ESP=0x1d45e840, EBP=0x1d45ecdc, ESI=0x00000000, EDI=0x0000274d
EIP=0x51163c7e, EFLAGS=0x00010206

Top of Stack: (sp=0x1d45e840)
0x1d45e840:   5cc69b87 1c8eac00 1c8ead40 1d6812d8
0x1d45e850:   1d45e960 593028a8 1d45e994 592ccf6b
0x1d45e860:   00000001 0000000c 593edd9c 00000015
0x1d45e870:   00000026 00000001 1d45e99c 00000000
0x1d45e880:   70b58c14 00000168 593ee26d 59302547
0x1d45e890:   00000049 00000000 00000003 00000014
0x1d45e8a0:   08a746d8 1d45e9c8 1d45e950 05a0d75c
0x1d45e8b0:   1dea6c00 0000274d 1d45ecf8 ffffffff 

Instructions: (pc=0x51163c7e)
0x51163c5e:   45 fc ff ff ff ff 8d 8d e4 fb ff ff e8 e1 b7 ff
0x51163c6e:   ff 8b c7 e9 3a 04 00 00 8b 0d dc 1c 1e 51 8b f1
0x51163c7e:   8b 11 8b 42 24 ff d0 84 c0 75 11 8b 16 8b ce 8b
0x51163c8e:   42 28 ff d0 84 c0 0f 84 fe 03 00 00 68 1c 6a 1c 


Register to memory mapping:

EAX=
[error occurred during error reporting (printing register info), id 0xc0000005]

Stack: [0x1d410000,0x1d460000],  sp=0x1d45e840,  free space=314k
Native frames: (J=compiled Java code, j=interpreted, Vv=VM code, C=native code)
C  [WinSockHook.dll+0x13c7e]
C  [net.dll+0x210f]
j  java.net.DualStackPlainSocketImpl.connect0(ILjava/net/InetAddress;I)I+0
j  java.net.DualStackPlainSocketImpl.socketConnect(Ljava/net/InetAddress;II)V+28
j  java.net.AbstractPlainSocketImpl.doConnect(Ljava/net/InetAddress;II)V+64
j  java.net.AbstractPlainSocketImpl.connectToAddress(Ljava/net/InetAddress;II)V+23
j  java.net.AbstractPlainSocketImpl.connect(Ljava/net/SocketAddress;I)V+78
j  java.net.PlainSocketImpl.connect(Ljava/net/SocketAddress;I)V+6
j  java.net.SocksSocketImpl.connect(Ljava/net/SocketAddress;I)V+381
j  java.net.Socket.connect(Ljava/net/SocketAddress;I)V+179
j  java.net.Socket.connect(Ljava/net/SocketAddress;)V+3
j  sun.net.NetworkClient.doConnect(Ljava/lang/String;I)Ljava/net/Socket;+140
j  sun.net.www.http.HttpClient.openServer(Ljava/lang/String;I)V+4
j  sun.net.www.http.HttpClient.openServer()V+114
j  sun.net.www.http.HttpClient.<init>(Ljava/net/URL;Ljava/net/Proxy;I)V+125
j  sun.net.www.http.HttpClient.New(Ljava/net/URL;Ljava/net/Proxy;IZLsun/net/www/protocol/http/HttpURLConnection;)Lsun/net/www/http/HttpClient;+259
j  sun.net.www.http.HttpClient.New(Ljava/net/URL;Ljava/net/Proxy;ILsun/net/www/protocol/http/HttpURLConnection;)Lsun/net/www/http/HttpClient;+5
j  sun.net.www.protocol.http.HttpURLConnection.getNewHttpClient(Ljava/net/URL;Ljava/net/Proxy;I)Lsun/net/www/http/HttpClient;+4
j  sun.net.www.protocol.http.HttpURLConnection.plainConnect0()V+356
j  sun.net.www.protocol.http.HttpURLConnection.plainConnect()V+71
j  sun.net.www.protocol.http.HttpURLConnection.connect()V+20
j  org.springframework.http.client.SimpleBufferingClientHttpRequest.executeInternal(Lorg/springframework/http/HttpHeaders;[B)Lorg/springframework/http/client/ClientHttpResponse;+61
j  org.springframework.http.client.AbstractBufferingClientHttpRequest.executeInternal(Lorg/springframework/http/HttpHeaders;)Lorg/springframework/http/client/ClientHttpResponse;+27
j  org.springframework.http.client.AbstractClientHttpRequest.execute()Lorg/springframework/http/client/ClientHttpResponse;+9
j  org.springframework.web.client.RestTemplate.doExecute(Ljava/net/URI;Lorg/springframework/http/HttpMethod;Lorg/springframework/web/client/RequestCallback;Lorg/springframework/web/client/ResponseExtractor;)Ljava/lang/Object;+37
j  org.springframework.cloud.sleuth.zipkin2.sender.ZipkinRestTemplateWrapper.doExecute(Ljava/net/URI;Lorg/springframework/http/HttpMethod;Lorg/springframework/web/client/RequestCallback;Lorg/springframework/web/client/ResponseExtractor;)Ljava/lang/Object;+31
j  org.springframework.web.client.RestTemplate.exchange(Lorg/springframework/http/RequestEntity;Ljava/lang/Class;)Lorg/springframework/http/ResponseEntity;+26
j  org.springframework.cloud.sleuth.zipkin2.sender.RestTemplateSender.post([B)V+43
j  org.springframework.cloud.sleuth.zipkin2.sender.RestTemplateSender$HttpPostCall.doExecute()Ljava/lang/Void;+8
j  org.springframework.cloud.sleuth.zipkin2.sender.RestTemplateSender$HttpPostCall.doExecute()Ljava/lang/Object;+1
j  zipkin2.Call$Base.execute()Ljava/lang/Object;+54
j  zipkin2.reporter.AsyncReporter$BoundedAsyncReporter.flush(Lzipkin2/reporter/BufferNextMessage;)V+138
j  zipkin2.reporter.AsyncReporter$Builder$1.run()V+21
v  ~StubRoutines::call_stub
V  [jvm.dll+0x155cb5]
V  [jvm.dll+0x21b12e]
V  [jvm.dll+0x155d4e]
V  [jvm.dll+0x155ed6]
V